app/build/outputs/logs/manifest-merger-debug-report.txt
-- Merging decision tree log ---
manifest
ADDED from src/main/AndroidManifest.xml:2:1-139:12
	package
		ADDED from src/main/AndroidManifest.xml:3:5-39
		INJECTED from src/main/AndroidManifest.xml
		INJECTED from src/main/AndroidManifest.xml
	android:versionName
		INJECTED from src/main/AndroidManifest.xml
		INJECTED from src/main/AndroidManifest.xml
	xmlns:android
		ADDED from src/main/AndroidManifest.xml:2:11-69
	android:versionCode
		INJECTED from src/main/AndroidManifest.xml
		INJECTED from src/main/AndroidManifest.xml
uses-permission#android.permission.BROADCAST_STICKY
ADDED from src/main/AndroidManifest.xml:5:5-75
	android:name
		ADDED from src/main/AndroidManifest.xml:5:22-72
uses-permission#android.permission.RECEIVE_BOOT_COMPLETED
ADDED from src/main/AndroidManifest.xml:7:5-81
	android:name
		ADDED from src/main/AndroidManifest.xml:7:22-78
uses-permission#android.permission.ACCESS_NETWORK_STATE
ADDED from src/main/AndroidManifest.xml:9:5-79
	android:name
		ADDED from src/main/AndroidManifest.xml:9:22-76
application
ADDED from src/main/AndroidManifest.xml:11:5-137:19
MERGED from [com.android.support:appcompat-v7:23.1.1] AndroidManifest.xml:22:5-20
MERGED from [com.android.support:support-v4:23.1.1] AndroidManifest.xml:22:5-20
MERGED from [com.android.support:design:23.1.1] AndroidManifest.xml:22:5-20
MERGED from [com.android.support:appcompat-v7:23.1.1] AndroidManifest.xml:22:5-20
MERGED from [com.android.support:support-v4:23.1.1] AndroidManifest.xml:22:5-20
MERGED from [com.android.support:support-v4:23.1.1] AndroidManifest.xml:22:5-20
MERGED from [com.android.support:support-v4:23.1.1] AndroidManifest.xml:22:5-20
	android:label
		ADDED from src/main/AndroidManifest.xml:14:9-41
	android:supportsRtl
		ADDED from src/main/AndroidManifest.xml:15:9-35
	android:allowBackup
		ADDED from src/main/AndroidManifest.xml:12:9-35
	android:icon
		ADDED from src/main/AndroidManifest.xml:13:9-43
	android:theme
		ADDED from src/main/AndroidManifest.xml:16:9-40
activity#com.example.shylock.test.MainActivity
ADDED from src/main/AndroidManifest.xml:17:9-50
	android:name
		ADDED from src/main/AndroidManifest.xml:17:19-47
activity#com.example.shylock.test.Main2Activity
ADDED from src/main/AndroidManifest.xml:18:9-25:20
	android:name
		ADDED from src/main/AndroidManifest.xml:18:19-48
intent-filter#android.intent.category.DEFAULT+com.shylock.action.MY_ACTION
ADDED from src/main/AndroidManifest.xml:19:13-24:29
action#com.shylock.action.MY_ACTION
ADDED from src/main/AndroidManifest.xml:21:17-71
	android:name
		ADDED from src/main/AndroidManifest.xml:21:25-68
category#android.intent.category.DEFAULT
ADDED from src/main/AndroidManifest.xml:23:17-76
	android:name
		ADDED from src/main/AndroidManifest.xml:23:27-73
activity#com.example.shylock.test.Main3Activity
ADDED from src/main/AndroidManifest.xml:26:9-37:20
	android:name
		ADDED from src/main/AndroidManifest.xml:26:19-48
intent-filter#Intent.ACTION_VIEW+android.intent.category.DEFAULT
ADDED from src/main/AndroidManifest.xml:27:13-36:29
action#Intent.ACTION_VIEW
ADDED from src/main/AndroidManifest.xml:28:17-61
	android:name
		ADDED from src/main/AndroidManifest.xml:28:25-58
data
ADDED from src/main/AndroidManifest.xml:32:17-35:45
	android:host
		ADDED from src/main/AndroidManifest.xml:33:21-49
	android:scheme
		ADDED from src/main/AndroidManifest.xml:35:21-42
	android:mimeType
		ADDED from src/main/AndroidManifest.xml:34:21-49
activity#com.example.shylock.test.Main4Activity
ADDED from src/main/AndroidManifest.xml:38:9-45:20
	android:name
		ADDED from src/main/AndroidManifest.xml:38:19-48
intent-filter#android.intent.category.DEFAULT+com.shylock.action.MY_ACTION+com.shylock.category.MY_CATEGORY
ADDED from src/main/AndroidManifest.xml:39:13-44:29
category#com.shylock.category.MY_CATEGORY
ADDED from src/main/AndroidManifest.xml:43:17-77
	android:name
		ADDED from src/main/AndroidManifest.xml:43:27-74
activity#com.example.shylock.test.Main5Activity
ADDED from src/main/AndroidManifest.xml:46:9-51
	android:name
		ADDED from src/main/AndroidManifest.xml:46:19-48
activity#com.example.shylock.test.Main6Activity
ADDED from src/main/AndroidManifest.xml:47:9-51
	android:name
		ADDED from src/main/AndroidManifest.xml:47:19-48
service#com.example.shylock.test.MyService
ADDED from src/main/AndroidManifest.xml:49:9-53:41
	android:enabled
		ADDED from src/main/AndroidManifest.xml:51:13-35
	android:process
		ADDED from src/main/AndroidManifest.xml:53:13-38
	android:exported
		ADDED from src/main/AndroidManifest.xml:52:13-36
	android:name
		ADDED from src/main/AndroidManifest.xml:50:13-38
service#com.example.shylock.test.MyIntentService
ADDED from src/main/AndroidManifest.xml:55:9-57:40
	android:exported
		ADDED from src/main/AndroidManifest.xml:57:13-37
	android:name
		ADDED from src/main/AndroidManifest.xml:56:13-44
service#com.example.shylock.test.MyBoundService
ADDED from src/main/AndroidManifest.xml:58:9-61:39
	android:enabled
		ADDED from src/main/AndroidManifest.xml:60:13-35
	android:exported
		ADDED from src/main/AndroidManifest.xml:61:13-36
	android:name
		ADDED from src/main/AndroidManifest.xml:59:13-43
activity#com.example.shylock.test.Main7Activity
ADDED from src/main/AndroidManifest.xml:63:9-69:20
	android:name
		ADDED from src/main/AndroidManifest.xml:63:19-48
intent-filter#android.intent.action.MAIN+android.intent.category.LAUNCHER
ADDED from src/main/AndroidManifest.xml:64:13-68:29
action#android.intent.action.MAIN
ADDED from src/main/AndroidManifest.xml:65:17-69
	android:name
		ADDED from src/main/AndroidManifest.xml:65:25-66
category#android.intent.category.LAUNCHER
ADDED from src/main/AndroidManifest.xml:67:17-77
	android:name
		ADDED from src/main/AndroidManifest.xml:67:27-74
receiver#com.example.shylock.test.MyReceiver1
ADDED from src/main/AndroidManifest.xml:71:9-78:20
	android:enabled
		ADDED from src/main/AndroidManifest.xml:73:13-35
	android:exported
		ADDED from src/main/AndroidManifest.xml:74:13-36
	android:name
		ADDED from src/main/AndroidManifest.xml:72:13-40
intent-filter#com.shylock.MY_BROADCAST
ADDED from src/main/AndroidManifest.xml:75:13-77:29
action#com.shylock.MY_BROADCAST
ADDED from src/main/AndroidManifest.xml:76:17-67
	android:name
		ADDED from src/main/AndroidManifest.xml:76:25-64
receiver#com.example.shylock.test.MyReceiver3
ADDED from src/main/AndroidManifest.xml:83:9-90:20
	android:enabled
		ADDED from src/main/AndroidManifest.xml:85:13-35
	android:exported
		ADDED from src/main/AndroidManifest.xml:86:13-36
	android:name
		ADDED from src/main/AndroidManifest.xml:84:13-40
intent-filter#com.shylock.MY_BROADCAST3
ADDED from src/main/AndroidManifest.xml:87:13-89:29
	android:priority
		ADDED from src/main/AndroidManifest.xml:87:28-50
action#com.shylock.MY_BROADCAST3
ADDED from src/main/AndroidManifest.xml:88:17-68
	android:name
		ADDED from src/main/AndroidManifest.xml:88:25-65
receiver#com.example.shylock.test.MyReceiver4
ADDED from src/main/AndroidManifest.xml:91:9-98:20
	android:enabled
		ADDED from src/main/AndroidManifest.xml:93:13-35
	android:exported
		ADDED from src/main/AndroidManifest.xml:94:13-36
	android:name
		ADDED from src/main/AndroidManifest.xml:92:13-40
activity#com.example.shylock.test.Main8Activity
ADDED from src/main/AndroidManifest.xml:100:9-51
	android:name
		ADDED from src/main/AndroidManifest.xml:100:19-48
receiver#com.example.shylock.test.MyReceiver5
ADDED from src/main/AndroidManifest.xml:102:9-105:39
	android:enabled
		ADDED from src/main/AndroidManifest.xml:104:13-35
	android:exported
		ADDED from src/main/AndroidManifest.xml:105:13-36
	android:name
		ADDED from src/main/AndroidManifest.xml:103:13-40
receiver#com.example.shylock.test.MyReceiver6
ADDED from src/main/AndroidManifest.xml:106:9-115:20
	android:enabled
		ADDED from src/main/AndroidManifest.xml:108:13-35
	android:exported
		ADDED from src/main/AndroidManifest.xml:109:13-36
	android:name
		ADDED from src/main/AndroidManifest.xml:107:13-40
intent-filter#android.intent.action.BOOT_COMPLETED
ADDED from src/main/AndroidManifest.xml:110:13-114:29
action#android.intent.action.BOOT_COMPLETED
ADDED from src/main/AndroidManifest.xml:113:17-79
	android:name
		ADDED from src/main/AndroidManifest.xml:113:25-76
receiver#com.example.shylock.test.MyReceiver7
ADDED from src/main/AndroidManifest.xml:116:9-123:20
	android:enabled
		ADDED from src/main/AndroidManifest.xml:118:13-35
	android:exported
		ADDED from src/main/AndroidManifest.xml:119:13-36
	android:name
		ADDED from src/main/AndroidManifest.xml:117:13-40
intent-filter#android.net.connn.CONNECTIVITY_CHANGE
ADDED from src/main/AndroidManifest.xml:120:13-122:29
action#android.net.connn.CONNECTIVITY_CHANGE
ADDED from src/main/AndroidManifest.xml:121:17-80
	android:name
		ADDED from src/main/AndroidManifest.xml:121:25-77
receiver#com.example.shylock.test.MyReceiver8
ADDED from src/main/AndroidManifest.xml:124:9-131:20
	android:enabled
		ADDED from src/main/AndroidManifest.xml:126:13-35
	android:exported
		ADDED from src/main/AndroidManifest.xml:127:13-36
	android:name
		ADDED from src/main/AndroidManifest.xml:125:13-40
intent-filter#android.intent.action.BATTERY_CHANGED
ADDED from src/main/AndroidManifest.xml:128:13-130:29
action#android.intent.action.BATTERY_CHANGED
ADDED from src/main/AndroidManifest.xml:129:17-80
	android:name
		ADDED from src/main/AndroidManifest.xml:129:25-77
activity#com.example.shylock.test.bug
ADDED from src/main/AndroidManifest.xml:133:9-136:68
	android:label
		ADDED from src/main/AndroidManifest.xml:135:13-55
	android:theme
		ADDED from src/main/AndroidManifest.xml:136:13-56
	android:name
		ADDED from src/main/AndroidManifest.xml:134:13-32
uses-sdk
INJECTED from src/main/AndroidManifest.xml reason: use-sdk injection requested
MERGED from [com.android.support:appcompat-v7:23.1.1] AndroidManifest.xml:20:5-43
MERGED from [com.android.support:support-v4:23.1.1] AndroidManifest.xml:20:5-43
MERGED from [com.android.support:design:23.1.1] AndroidManifest.xml:20:5-43
MERGED from [com.android.support:appcompat-v7:23.1.1] AndroidManifest.xml:20:5-43
MERGED from [com.android.support:support-v4:23.1.1] AndroidManifest.xml:20:5-43
MERGED from [com.android.support:recyclerview-v7:23.1.1] AndroidManifest.xml:20:5-43
MERGED from [com.android.support:support-v4:23.1.1] AndroidManifest.xml:20:5-43
MERGED from [com.android.support:support-v4:23.1.1] AndroidManifest.xml:20:5-43
	android:targetSdkVersion
		INJECTED from src/main/AndroidManifest.xml
		INJECTED from src/main/AndroidManifest.xml
	android:minSdkVersion
		INJECTED from src/main/AndroidManifest.xml
		INJECTED from src/main/AndroidManifest.xml